2024-03-20 12:49:08.038 +03:00 [INF] At 3/20/2024 12:49:08 PM received message in chat 1874077221: /start
2024-03-20 12:52:26.225 +03:00 [INF] At 3/20/2024 12:52:26 PM received message in chat 1874077221: /start
2024-03-20 12:52:26.462 +03:00 [INF] At 3/20/2024 12:52:26 PM received message in chat 1874077221: JSON
2024-03-20 12:52:26.593 +03:00 [INF] At 3/20/2024 12:52:26 PM received document in chat 1874077221
2024-03-20 12:52:27.185 +03:00 [INF] At 3/20/2024 12:52:27 PM received document in chat 1874077221
2024-03-20 12:52:28.811 +03:00 [INF] At 3/20/2024 12:52:28 PM received message in chat 1874077221: JSON
2024-03-20 12:52:29.066 +03:00 [INF] At 3/20/2024 12:52:29 PM received message in chat 1874077221: /start
2024-03-20 12:52:29.303 +03:00 [INF] At 3/20/2024 12:52:29 PM received message in chat 1874077221: /start
2024-03-20 12:52:29.541 +03:00 [INF] At 3/20/2024 12:52:29 PM received message in chat 1874077221: JSON
2024-03-20 12:52:29.870 +03:00 [INF] At 3/20/2024 12:52:29 PM received document in chat 1874077221
2024-03-20 12:52:31.373 +03:00 [INF] At 3/20/2024 12:52:31 PM received message in chat 1874077221: JSON
2024-03-20 12:52:31.886 +03:00 [INF] At 3/20/2024 12:52:31 PM received message in chat 1874077221: /start
2024-03-20 12:52:39.920 +03:00 [INF] At 3/20/2024 12:52:39 PM received message in chat 1874077221: JSON
2024-03-20 12:52:52.750 +03:00 [INF] At 3/20/2024 12:52:52 PM received document in chat 1874077221
2024-03-20 12:52:59.238 +03:00 [INF] At 3/20/2024 12:52:59 PM received message in chat 1874077221: Скачать обработанный файл
2024-03-20 12:53:01.546 +03:00 [INF] At 3/20/2024 12:53:01 PM received message in chat 1874077221: CSV
2024-03-20 12:55:44.330 +03:00 [INF] At 3/20/2024 12:55:44 PM received message in chat 1874077221: Произвести выборку
2024-03-20 12:55:44.626 +03:00 [INF] At 3/20/2024 12:55:44 PM received message in chat 1874077221: Произвести выборку
2024-03-20 12:55:44.809 +03:00 [INF] At 3/20/2024 12:55:44 PM received message in chat 1874077221: Произвести выборку
2024-03-20 12:55:50.454 +03:00 [INF] At 3/20/2024 12:55:50 PM received message in chat 1874077221: StationStart и StationEnd
2024-03-20 12:55:54.484 +03:00 [INF] At 3/20/2024 12:55:54 PM received message in chat 1874077221: 212 4 3
